COMMAND: C:\Users\bobmc\echo-drive-scanner\.venv\Scripts\python.exe -m pytest -q --cov=scanner --cov=storage.db --cov=dashboard.server --cov=dashboard.security --cov=dashboard.api_models --cov=config --cov=intelligence.classifier --cov=intelligence.content_sampler --cov=intelligence.engine_client --cov=intelligence.function_library --cov=intelligence.deduplicator --cov=intelligence.recommender --cov=intelligence.relationship_mapper --cov=intelligence.scorer --cov=intelligence.project_advisor --cov-report=term-missing --cov-report=json:artifacts/production-core-coverage.json --cov-fail-under=55
RETURN_CODE: 0

STDOUT:
........................................................................ [ 72%]
...........................                                              [100%]
=============================== tests coverage ================================
_______________ coverage: platform win32, python 3.13.0-final-0 _______________

Name                                  Stmts   Miss Branch BrPart  Cover   Missing
---------------------------------------------------------------------------------
config.py                               126      6     14      3    94%   713-714, 720, 725, 728->731, 736-737
dashboard\api_models.py                  46      3     10      3    89%   39, 41, 47
dashboard\security.py                    97      6     18      2    93%   39-40, 48, 84, 129-130
dashboard\server.py                     400    147    110     13    58%   87, 111-112, 116-130, 135-157, 167-168, 171-172, 175-182, 222, 224-225, 240-241, 292, 319, 348, 353-356, 362, 368, 375, 385, 401, 403-408, 430-434, 500-525, 565-569, 584, 587-588, 595, 599-601, 628-629, 645-651, 655-661, 665-669, 682, 691-693, 728-741
intelligence\classifier.py              224    114     82     13    45%   141-142, 145, 155, 158, 161, 175, 180, 183, 194->197, 198, 209, 260-270, 342-363, 380-422, 439-482, 516, 550-551, 572-573, 589-590
intelligence\content_sampler.py         286    121     70     13    57%   47-49, 56-57, 63-64, 70-71, 180, 214->218, 223->227, 246-254, 269-271, 316, 318, 320, 322, 331, 340-342, 351-353, 366-368, 370-372, 376-393, 397-412, 416-435, 439-461, 530, 575, 578->588, 585, 605, 613-615, 627-633, 660-667
intelligence\deduplicator.py            202     73     80      8    59%   88-89, 94-95, 100-101, 117-124, 208-209, 242->241, 288, 297-325, 342, 353-408, 422, 428-442, 446
intelligence\engine_client.py           276    197     86      1    23%   103-115, 119-123, 127-128, 132-140, 144-151, 155-160, 164-182, 186-197, 201-208, 212-223, 229-232, 254-350, 370-410, 442-473, 495-521, 543-568, 577-583, 627-631, 653-655, 675-681, 690-704
intelligence\function_library.py        179     54    100     21    65%   77, 78->81, 83-84, 87, 96-97, 122, 141-142, 151, 179-224, 230-232, 240, 257-264, 276, 285-298, 349-351, 363, 377->391, 382, 394, 410-420, 443, 458, 473-474
intelligence\project_advisor.py         277    185    140      6    28%   152, 156-160, 165-210, 221-251, 366-369, 407-408, 454-491, 539-552, 603-610, 656-674, 722-753, 757-771, 774-781, 793-857, 871-938
intelligence\recommender.py             192      9     86      6    95%   46, 202->201, 348, 464, 467, 564-565, 591-593
intelligence\relationship_mapper.py     165     11     88      6    91%   142->145, 217->212, 220->217, 260, 265, 386-402
intelligence\scorer.py                  231     53    112     25    73%   45, 49, 52-53, 184, 191, 197-206, 214-219, 223, 227, 260, 265, 267, 274, 276, 295, 297, 299, 301, 311, 332, 334, 359-360, 365-366, 374, 381, 453->460, 488-510
scanner.py                              479    211    156     30    53%   71, 92-164, 189-190, 193-194, 196-197, 211-212, 219, 221, 224, 226, 228-229, 265-266, 303->302, 306-309, 329, 331, 335, 341-342, 357-360, 395-397, 400, 408->448, 429-430, 440-447, 461-465, 471-482, 485->490, 493-495, 541->540, 569->567, 600, 628->632, 656->658, 674-675, 687-712, 730->732, 789-796, 803-812, 826-1045, 1049-1052
storage\db.py                           512    179    110     30    62%   528, 545, 575-580, 587, 765-766, 825, 829-833, 852, 854-855, 857-858, 861-865, 875->878, 883-890, 894-903, 909-936, 980-985, 1085, 1094, 1106-1135, 1144-1163, 1169-1188, 1215-1222, 1249, 1277->1279, 1297-1321, 1362->1365, 1366-1367, 1369-1370, 1372-1373, 1385-1387, 1391-1393, 1438->1442, 1443-1457, 1466-1468, 1478-1481, 1488-1499, 1542, 1598-1609, 1618-1648, 1695-1696, 1702-1711, 1717-1734, 1749-1750, 1758-1776, 1782-1798, 1804-1820, 1826-1836, 1842-1858, 1890, 1911-1912, 1923-1924
---------------------------------------------------------------------------------
TOTAL                                  3692   1369   1262    180    59%
Coverage JSON written to file artifacts/production-core-coverage.json
Required test coverage of 55% reached. Total coverage: 59.20%
99 passed in 6.41s

STDERR:
